<?xml version="1.0" encoding="UTF-8"?>
<testng-results ignored="0" total="1" passed="1" failed="0" skipped="0">
  <reporter-output>
  </reporter-output>
  <suite started-at="2021-04-10T05:28:48Z" name="Default suite" finished-at="2021-04-10T05:29:51Z" duration-ms="62994">
    <groups>
    </groups>
    <test started-at="2021-04-10T05:28:48Z" name="Default test" finished-at="2021-04-10T05:29:51Z" duration-ms="62994">
      <class name="Assertion">
        <test-method signature="checkBox()[pri:0, instance:Assertion@6c61a903]" started-at="2021-04-10T05:28:48Z" name="checkBox" finished-at="2021-04-10T05:29:51Z" duration-ms="62947" status="PASS">
          <reporter-output>
          </reporter-output>
        </test-method> <!-- checkBox -->
      </class> <!-- Assertion -->
    </test> <!-- Default test -->
  </suite> <!-- Default suite -->
</testng-results>
